Set current phase to 5

Initial statistics: 357 variables; iteration 0; function evaluation 0; phase 5
Function value 1.3619318e+05; maximum gradient component mag 7.8292e+05

Intermediate statistics: 357 variables; iteration 20; function evaluation 35; phase 5
Function value 1.7010740e+04; maximum gradient component mag 1.2198e+05
357 variables; iteration 40; function evaluation 56; phase 5
Function value 8.7569982e+03; maximum gradient component mag -8.6711e+03
357 variables; iteration 60; function evaluation 76; phase 5
Function value 7.5400890e+03; maximum gradient component mag 1.4961e+04
357 variables; iteration 80; function evaluation 97; phase 5
Function value 7.1117482e+03; maximum gradient component mag 1.2432e+04
357 variables; iteration 100; function evaluation 119; phase 5
Function value 6.9810955e+03; maximum gradient component mag -5.1336e+03
357 variables; iteration 120; function evaluation 139; phase 5
Function value 6.9408532e+03; maximum gradient component mag -6.7206e+03
357 variables; iteration 140; function evaluation 160; phase 5
Function value 6.8370797e+03; maximum gradient component mag -5.2803e+03
357 variables; iteration 160; function evaluation 180; phase 5
Function value 6.7267103e+03; maximum gradient component mag -9.3934e+03
357 variables; iteration 180; function evaluation 202; phase 5
Function value 6.6669684e+03; maximum gradient component mag -7.5853e+03
357 variables; iteration 200; function evaluation 222; phase 5
Function value 6.5724076e+03; maximum gradient component mag -9.0556e+03
357 variables; iteration 220; function evaluation 242; phase 5
Function value 6.4945338e+03; maximum gradient component mag -4.6207e+03
357 variables; iteration 240; function evaluation 262; phase 5
Function value 6.4487275e+03; maximum gradient component mag -3.9127e+03
357 variables; iteration 260; function evaluation 282; phase 5
Function value 6.3960450e+03; maximum gradient component mag -3.2658e+03
357 variables; iteration 280; function evaluation 305; phase 5
Function value 6.3453192e+03; maximum gradient component mag -2.3446e+03
357 variables; iteration 300; function evaluation 327; phase 5
Function value 6.2971863e+03; maximum gradient component mag 4.4313e+03
357 variables; iteration 320; function evaluation 352; phase 5
Function value 6.2648510e+03; maximum gradient component mag -4.1833e+03
357 variables; iteration 340; function evaluation 382; phase 5
Function value 6.2089652e+03; maximum gradient component mag -1.3996e+04
357 variables; iteration 360; function evaluation 414; phase 5
Function value 6.1499121e+03; maximum gradient component mag -5.7601e+03
357 variables; iteration 380; function evaluation 449; phase 5
Function value 6.0497521e+03; maximum gradient component mag -3.7530e+03
357 variables; iteration 400; function evaluation 471; phase 5
Function value 5.7823807e+03; maximum gradient component mag 1.5046e+03
357 variables; iteration 420; function evaluation 493; phase 5
Function value 5.6390028e+03; maximum gradient component mag 3.1396e+03
357 variables; iteration 440; function evaluation 514; phase 5
Function value 5.4955183e+03; maximum gradient component mag -1.7844e+03
357 variables; iteration 460; function evaluation 541; phase 5
Function value 5.3048930e+03; maximum gradient component mag -5.1356e+03
357 variables; iteration 480; function evaluation 563; phase 5
Function value 4.7544844e+03; maximum gradient component mag -1.7813e+04
357 variables; iteration 500; function evaluation 584; phase 5
Function value 3.9810155e+03; maximum gradient component mag 3.5138e+03
357 variables; iteration 520; function evaluation 604; phase 5
Function value 3.8145395e+03; maximum gradient component mag -2.1825e+03
357 variables; iteration 540; function evaluation 625; phase 5
Function value 3.7588948e+03; maximum gradient component mag -5.9267e+02
357 variables; iteration 560; function evaluation 645; phase 5
Function value 3.7079840e+03; maximum gradient component mag 7.1507e+02
357 variables; iteration 580; function evaluation 665; phase 5
Function value 3.6715016e+03; maximum gradient component mag -6.7939e+02
357 variables; iteration 600; function evaluation 685; phase 5
Function value 3.6395105e+03; maximum gradient component mag 6.1824e+02
357 variables; iteration 620; function evaluation 705; phase 5
Function value 3.6054411e+03; maximum gradient component mag 4.6920e+02
357 variables; iteration 640; function evaluation 725; phase 5
Function value 3.5636243e+03; maximum gradient component mag 1.8123e+03
357 variables; iteration 660; function evaluation 745; phase 5
Function value 3.5104983e+03; maximum gradient component mag 4.6159e+02
357 variables; iteration 680; function evaluation 765; phase 5
Function value 3.4873163e+03; maximum gradient component mag 4.0755e+02
357 variables; iteration 700; function evaluation 785; phase 5
Function value 3.4652455e+03; maximum gradient component mag 7.0685e+02
357 variables; iteration 720; function evaluation 805; phase 5
Function value 3.4439910e+03; maximum gradient component mag -1.2275e+03
357 variables; iteration 740; function evaluation 825; phase 5
Function value 3.4209548e+03; maximum gradient component mag -6.3237e+02
357 variables; iteration 760; function evaluation 845; phase 5
Function value 3.4037301e+03; maximum gradient component mag -5.3010e+02
357 variables; iteration 780; function evaluation 865; phase 5
Function value 3.3914051e+03; maximum gradient component mag 2.7919e+02
357 variables; iteration 800; function evaluation 885; phase 5
Function value 3.3842961e+03; maximum gradient component mag -5.9882e+02
357 variables; iteration 820; function evaluation 905; phase 5
Function value 3.3794099e+03; maximum gradient component mag -5.9798e+02
357 variables; iteration 840; function evaluation 925; phase 5
Function value 3.3745821e+03; maximum gradient component mag -4.2859e+02
357 variables; iteration 860; function evaluation 945; phase 5
Function value 3.3681156e+03; maximum gradient component mag -2.5686e+02
357 variables; iteration 880; function evaluation 965; phase 5
Function value 3.3592927e+03; maximum gradient component mag 3.4090e+02
357 variables; iteration 900; function evaluation 985; phase 5
Function value 3.3517219e+03; maximum gradient component mag 2.1767e+02
357 variables; iteration 920; function evaluation 1005; phase 5
Function value 3.3453359e+03; maximum gradient component mag 4.9569e+02
357 variables; iteration 940; function evaluation 1025; phase 5
Function value 3.3379340e+03; maximum gradient component mag 8.0306e+02
357 variables; iteration 960; function evaluation 1045; phase 5
Function value 3.3272097e+03; maximum gradient component mag 6.3681e+02
357 variables; iteration 980; function evaluation 1065; phase 5
Function value 3.3176097e+03; maximum gradient component mag 6.6799e+02
357 variables; iteration 1000; function evaluation 1085; phase 5
Function value 3.3032410e+03; maximum gradient component mag 3.5758e+02
357 variables; iteration 1020; function evaluation 1105; phase 5
Function value 3.2908909e+03; maximum gradient component mag -2.4599e+02
357 variables; iteration 1040; function evaluation 1125; phase 5
Function value 3.2799572e+03; maximum gradient component mag 3.2350e+02
357 variables; iteration 1060; function evaluation 1145; phase 5
Function value 3.2701698e+03; maximum gradient component mag 1.6426e+02
357 variables; iteration 1080; function evaluation 1165; phase 5
Function value 3.2648910e+03; maximum gradient component mag 2.1441e+02
357 variables; iteration 1100; function evaluation 1185; phase 5
Function value 3.2607311e+03; maximum gradient component mag 2.2478e+02
357 variables; iteration 1120; function evaluation 1205; phase 5
Function value 3.2543211e+03; maximum gradient component mag 2.7488e+02
357 variables; iteration 1140; function evaluation 1225; phase 5
Function value 3.2490309e+03; maximum gradient component mag -3.0357e+02
357 variables; iteration 1160; function evaluation 1245; phase 5
Function value 3.2442254e+03; maximum gradient component mag -5.0188e+02
357 variables; iteration 1180; function evaluation 1265; phase 5
Function value 3.2402563e+03; maximum gradient component mag -1.7444e+02
357 variables; iteration 1200; function evaluation 1285; phase 5
Function value 3.2375581e+03; maximum gradient component mag 3.4745e+02
357 variables; iteration 1220; function evaluation 1305; phase 5
Function value 3.2357582e+03; maximum gradient component mag 2.7848e+02
357 variables; iteration 1240; function evaluation 1325; phase 5
Function value 3.2347845e+03; maximum gradient component mag 1.7805e+02
357 variables; iteration 1260; function evaluation 1345; phase 5
Function value 3.2342091e+03; maximum gradient component mag 1.1345e+02
357 variables; iteration 1280; function evaluation 1365; phase 5
Function value 3.2338123e+03; maximum gradient component mag 2.4072e+02
357 variables; iteration 1300; function evaluation 1385; phase 5
Function value 3.2329548e+03; maximum gradient component mag 2.5721e+02
357 variables; iteration 1320; function evaluation 1405; phase 5
Function value 3.2315073e+03; maximum gradient component mag 2.3484e+02
357 variables; iteration 1340; function evaluation 1425; phase 5
Function value 3.2290949e+03; maximum gradient component mag 1.0992e+02
357 variables; iteration 1360; function evaluation 1445; phase 5
Function value 3.2265447e+03; maximum gradient component mag 3.0740e+02
357 variables; iteration 1380; function evaluation 1465; phase 5
Function value 3.2239503e+03; maximum gradient component mag 3.0807e+02
357 variables; iteration 1400; function evaluation 1485; phase 5
Function value 3.2219545e+03; maximum gradient component mag 1.2411e+02
357 variables; iteration 1420; function evaluation 1505; phase 5
Function value 3.2212695e+03; maximum gradient component mag 2.7472e+02
357 variables; iteration 1440; function evaluation 1525; phase 5
Function value 3.2209050e+03; maximum gradient component mag 1.2598e+02
357 variables; iteration 1460; function evaluation 1545; phase 5
Function value 3.2206776e+03; maximum gradient component mag -3.8695e+01
357 variables; iteration 1480; function evaluation 1565; phase 5
Function value 3.2204997e+03; maximum gradient component mag 6.5589e+01
357 variables; iteration 1500; function evaluation 1585; phase 5
Function value 3.2203004e+03; maximum gradient component mag 3.7299e+01
357 variables; iteration 1520; function evaluation 1605; phase 5
Function value 3.2200976e+03; maximum gradient component mag -4.4683e+01
357 variables; iteration 1540; function evaluation 1625; phase 5
Function value 3.2199922e+03; maximum gradient component mag -2.2309e+01
357 variables; iteration 1560; function evaluation 1645; phase 5
Function value 3.2197800e+03; maximum gradient component mag -5.8022e+01
357 variables; iteration 1580; function evaluation 1665; phase 5
Function value 3.2194929e+03; maximum gradient component mag 4.9529e+01
357 variables; iteration 1600; function evaluation 1685; phase 5
Function value 3.2191971e+03; maximum gradient component mag -6.7983e+01
357 variables; iteration 1620; function evaluation 1705; phase 5
Function value 3.2187875e+03; maximum gradient component mag 1.0266e+02
357 variables; iteration 1640; function evaluation 1725; phase 5
Function value 3.2183712e+03; maximum gradient component mag -1.9948e+02
357 variables; iteration 1660; function evaluation 1746; phase 5
Function value 3.2178445e+03; maximum gradient component mag 1.1148e+02
357 variables; iteration 1680; function evaluation 1770; phase 5
Function value 3.2169078e+03; maximum gradient component mag 1.7882e+02
357 variables; iteration 1700; function evaluation 1790; phase 5
Function value 3.2156581e+03; maximum gradient component mag 5.8806e+01
357 variables; iteration 1720; function evaluation 1810; phase 5
Function value 3.2141431e+03; maximum gradient component mag 1.9363e+02
357 variables; iteration 1740; function evaluation 1830; phase 5
Function value 3.2123437e+03; maximum gradient component mag -1.7275e+02
357 variables; iteration 1760; function evaluation 1850; phase 5
Function value 3.2089892e+03; maximum gradient component mag -3.2675e+02
357 variables; iteration 1780; function evaluation 1870; phase 5
Function value 3.2027625e+03; maximum gradient component mag 6.2121e+02
357 variables; iteration 1800; function evaluation 1892; phase 5
Function value 3.1944442e+03; maximum gradient component mag 3.7526e+02
357 variables; iteration 1820; function evaluation 1912; phase 5
Function value 3.1914326e+03; maximum gradient component mag 6.0318e+01
357 variables; iteration 1840; function evaluation 1932; phase 5
Function value 3.1896984e+03; maximum gradient component mag 2.4539e+02
357 variables; iteration 1860; function evaluation 1952; phase 5
Function value 3.1880512e+03; maximum gradient component mag 2.4451e+02
357 variables; iteration 1880; function evaluation 1972; phase 5
Function value 3.1871532e+03; maximum gradient component mag 8.8589e+01
357 variables; iteration 1900; function evaluation 1993; phase 5
Function value 3.1864585e+03; maximum gradient component mag -6.6845e+01
357 variables; iteration 1920; function evaluation 2013; phase 5
Function value 3.1859538e+03; maximum gradient component mag 8.1470e+01
357 variables; iteration 1940; function evaluation 2033; phase 5
Function value 3.1854171e+03; maximum gradient component mag -2.9891e+01
357 variables; iteration 1960; function evaluation 2053; phase 5
Function value 3.1851533e+03; maximum gradient component mag 2.8585e+01
357 variables; iteration 1980; function evaluation 2073; phase 5
Function value 3.1848817e+03; maximum gradient component mag 4.9598e+01
357 variables; iteration 2000; function evaluation 2093; phase 5
Function value 3.1846712e+03; maximum gradient component mag -2.4884e+01
357 variables; iteration 2020; function evaluation 2113; phase 5
Function value 3.1846030e+03; maximum gradient component mag 2.7557e+01
357 variables; iteration 2040; function evaluation 2133; phase 5
Function value 3.1844413e+03; maximum gradient component mag -4.9447e+01
357 variables; iteration 2060; function evaluation 2155; phase 5
Function value 3.1842639e+03; maximum gradient component mag -4.6682e+01
357 variables; iteration 2080; function evaluation 2177; phase 5
Function value 3.1840815e+03; maximum gradient component mag -4.7134e+01
357 variables; iteration 2100; function evaluation 2197; phase 5
Function value 3.1840101e+03; maximum gradient component mag 2.4441e+01
357 variables; iteration 2120; function evaluation 2218; phase 5
Function value 3.1839281e+03; maximum gradient component mag -2.8714e+01
357 variables; iteration 2140; function evaluation 2239; phase 5
Function value 3.1838474e+03; maximum gradient component mag 4.1478e+01
357 variables; iteration 2160; function evaluation 2259; phase 5
Function value 3.1838417e+03; maximum gradient component mag -1.2393e+01
357 variables; iteration 2180; function evaluation 2281; phase 5
Function value 3.1838222e+03; maximum gradient component mag -2.7707e+01
357 variables; iteration 2200; function evaluation 2301; phase 5
Function value 3.1837665e+03; maximum gradient component mag 9.7766e+00
357 variables; iteration 2220; function evaluation 2321; phase 5
Function value 3.1837126e+03; maximum gradient component mag -2.7666e+01
357 variables; iteration 2240; function evaluation 2341; phase 5
Function value 3.1836978e+03; maximum gradient component mag 9.9464e+00
357 variables; iteration 2260; function evaluation 2361; phase 5
Function value 3.1836389e+03; maximum gradient component mag -3.9360e+01
357 variables; iteration 2280; function evaluation 2382; phase 5
Function value 3.1836071e+03; maximum gradient component mag -1.3946e+01
357 variables; iteration 2300; function evaluation 2402; phase 5
Function value 3.1835874e+03; maximum gradient component mag -9.4164e+00
357 variables; iteration 2320; function evaluation 2423; phase 5
Function value 3.1835679e+03; maximum gradient component mag 2.6474e+01
357 variables; iteration 2340; function evaluation 2444; phase 5
Function value 3.1835125e+03; maximum gradient component mag -2.3528e+01
357 variables; iteration 2360; function evaluation 2465; phase 5
Function value 3.1835017e+03; maximum gradient component mag 6.9507e+00
357 variables; iteration 2380; function evaluation 2486; phase 5
Function value 3.1834284e+03; maximum gradient component mag -4.6528e+01
357 variables; iteration 2400; function evaluation 2508; phase 5
Function value 3.1833816e+03; maximum gradient component mag -1.6698e+01
357 variables; iteration 2420; function evaluation 2529; phase 5
Function value 3.1833528e+03; maximum gradient component mag -6.3061e+01
357 variables; iteration 2440; function evaluation 2552; phase 5
Function value 3.1830575e+03; maximum gradient component mag 1.2455e+02
357 variables; iteration 2460; function evaluation 2576; phase 5
Function value 3.1828416e+03; maximum gradient component mag 9.3222e+01
357 variables; iteration 2480; function evaluation 2599; phase 5
Function value 3.1827650e+03; maximum gradient component mag -1.1670e+01
357 variables; iteration 2500; function evaluation 2619; phase 5
Function value 3.1827380e+03; maximum gradient component mag 9.7687e+00
357 variables; iteration 2520; function evaluation 2639; phase 5
Function value 3.1826650e+03; maximum gradient component mag 4.0982e+01
357 variables; iteration 2540; function evaluation 2661; phase 5
Function value 3.1824482e+03; maximum gradient component mag 8.6449e+01
357 variables; iteration 2560; function evaluation 2681; phase 5
Function value 3.1822578e+03; maximum gradient component mag -4.2463e+01
357 variables; iteration 2580; function evaluation 2703; phase 5
Function value 3.1821898e+03; maximum gradient component mag -2.5438e+01
357 variables; iteration 2600; function evaluation 2723; phase 5
Function value 3.1821798e+03; maximum gradient component mag -7.7258e+00
357 variables; iteration 2620; function evaluation 2744; phase 5
Function value 3.1821397e+03; maximum gradient component mag 3.3176e+01
357 variables; iteration 2640; function evaluation 2765; phase 5
Function value 3.1820995e+03; maximum gradient component mag 2.4862e+01
357 variables; iteration 2660; function evaluation 2785; phase 5
Function value 3.1820757e+03; maximum gradient component mag -4.9806e+00
357 variables; iteration 2680; function evaluation 2806; phase 5
Function value 3.1820525e+03; maximum gradient component mag -1.0544e+01
357 variables; iteration 2700; function evaluation 2827; phase 5
Function value 3.1820476e+03; maximum gradient component mag -5.1179e+00
357 variables; iteration 2720; function evaluation 2847; phase 5
Function value 3.1820247e+03; maximum gradient component mag -4.0838e+01
357 variables; iteration 2740; function evaluation 2867; phase 5
Function value 3.1820189e+03; maximum gradient component mag -9.4899e-01
357 variables; iteration 2760; function evaluation 2888; phase 5
Function value 3.1820170e+03; maximum gradient component mag -9.9670e+00
357 variables; iteration 2780; function evaluation 2911; phase 5
Function value 3.1820050e+03; maximum gradient component mag -2.4334e+01
  ic > imax  in fminim is answer attained ?
Function minimizer not making progress ... is minimum attained?
Minimprove criterion = 0.0000e+00

 - final statistics:
357 variables; iteration 2792; function evaluation 2953
Function value 3.1820e+03; maximum gradient component mag -1.7804e-02
Exit code = 1;  converg criter 1.0000e-04
Estimating row 1 out of 357 for hessian
Estimating row 2 out of 357 for hessian
Estimating row 3 out of 357 for hessian
Estimating row 4 out of 357 for hessian
Estimating row 5 out of 357 for hessian
Estimating row 6 out of 357 for hessian
Estimating row 7 out of 357 for hessian
Estimating row 8 out of 357 for hessian
Estimating row 9 out of 357 for hessian
Estimating row 10 out of 357 for hessian
Estimating row 11 out of 357 for hessian
Estimating row 12 out of 357 for hessian
Estimating row 13 out of 357 for hessian
Estimating row 14 out of 357 for hessian
Estimating row 15 out of 357 for hessian
Estimating row 16 out of 357 for hessian
Estimating row 17 out of 357 for hessian
Estimating row 18 out of 357 for hessian
Estimating row 19 out of 357 for hessian
Estimating row 20 out of 357 for hessian
Estimating row 21 out of 357 for hessian
Estimating row 22 out of 357 for hessian
Estimating row 23 out of 357 for hessian
Estimating row 24 out of 357 for hessian
Estimating row 25 out of 357 for hessian
Estimating row 26 out of 357 for hessian
Estimating row 27 out of 357 for hessian
Estimating row 28 out of 357 for hessian
Estimating row 29 out of 357 for hessian
Estimating row 30 out of 357 for hessian
Estimating row 31 out of 357 for hessian
Estimating row 32 out of 357 for hessian
Estimating row 33 out of 357 for hessian
Estimating row 34 out of 357 for hessian
Estimating row 35 out of 357 for hessian
Estimating row 36 out of 357 for hessian
Estimating row 37 out of 357 for hessian
Estimating row 38 out of 357 for hessian
Estimating row 39 out of 357 for hessian
Estimating row 40 out of 357 for hessian
Estimating row 41 out of 357 for hessian
Estimating row 42 out of 357 for hessian
Estimating row 43 out of 357 for hessian
Estimating row 44 out of 357 for hessian
Estimating row 45 out of 357 for hessian
Estimating row 46 out of 357 for hessian
Estimating row 47 out of 357 for hessian
Estimating row 48 out of 357 for hessian
Estimating row 49 out of 357 for hessian
Estimating row 50 out of 357 for hessian
Estimating row 51 out of 357 for hessian
Estimating row 52 out of 357 for hessian
Estimating row 53 out of 357 for hessian
Estimating row 54 out of 357 for hessian
Estimating row 55 out of 357 for hessian
Estimating row 56 out of 357 for hessian
Estimating row 57 out of 357 for hessian
Estimating row 58 out of 357 for hessian
Estimating row 59 out of 357 for hessian
Estimating row 60 out of 357 for hessian
Estimating row 61 out of 357 for hessian
Estimating row 62 out of 357 for hessian
Estimating row 63 out of 357 for hessian
Estimating row 64 out of 357 for hessian
Estimating row 65 out of 357 for hessian
Estimating row 66 out of 357 for hessian
Estimating row 67 out of 357 for hessian
Estimating row 68 out of 357 for hessian
Estimating row 69 out of 357 for hessian
Estimating row 70 out of 357 for hessian
Estimating row 71 out of 357 for hessian
Estimating row 72 out of 357 for hessian
Estimating row 73 out of 357 for hessian
Estimating row 74 out of 357 for hessian
Estimating row 75 out of 357 for hessian
Estimating row 76 out of 357 for hessian
Estimating row 77 out of 357 for hessian
Estimating row 78 out of 357 for hessian
Estimating row 79 out of 357 for hessian
Estimating row 80 out of 357 for hessian
Estimating row 81 out of 357 for hessian
Estimating row 82 out of 357 for hessian
Estimating row 83 out of 357 for hessian
Estimating row 84 out of 357 for hessian
Estimating row 85 out of 357 for hessian
Estimating row 86 out of 357 for hessian
Estimating row 87 out of 357 for hessian
Estimating row 88 out of 357 for hessian
Estimating row 89 out of 357 for hessian
Estimating row 90 out of 357 for hessian
Estimating row 91 out of 357 for hessian
Estimating row 92 out of 357 for hessian
Estimating row 93 out of 357 for hessian
Estimating row 94 out of 357 for hessian
Estimating row 95 out of 357 for hessian
Estimating row 96 out of 357 for hessian
Estimating row 97 out of 357 for hessian
Estimating row 98 out of 357 for hessian
Estimating row 99 out of 357 for hessian
Estimating row 100 out of 357 for hessian
Estimating row 101 out of 357 for hessian
Estimating row 102 out of 357 for hessian
Estimating row 103 out of 357 for hessian
Estimating row 104 out of 357 for hessian
Estimating row 105 out of 357 for hessian
Estimating row 106 out of 357 for hessian
Estimating row 107 out of 357 for hessian
Estimating row 108 out of 357 for hessian
Estimating row 109 out of 357 for hessian
Estimating row 110 out of 357 for hessian
Estimating row 111 out of 357 for hessian
Estimating row 112 out of 357 for hessian
Estimating row 113 out of 357 for hessian
Estimating row 114 out of 357 for hessian
Estimating row 115 out of 357 for hessian
Estimating row 116 out of 357 for hessian
Estimating row 117 out of 357 for hessian
Estimating row 118 out of 357 for hessian
Estimating row 119 out of 357 for hessian
Estimating row 120 out of 357 for hessian
Estimating row 121 out of 357 for hessian
Estimating row 122 out of 357 for hessian
Estimating row 123 out of 357 for hessian
Estimating row 124 out of 357 for hessian
Estimating row 125 out of 357 for hessian
Estimating row 126 out of 357 for hessian
Estimating row 127 out of 357 for hessian
Estimating row 128 out of 357 for hessian
Estimating row 129 out of 357 for hessian
Estimating row 130 out of 357 for hessian
Estimating row 131 out of 357 for hessian
Estimating row 132 out of 357 for hessian
Estimating row 133 out of 357 for hessian
Estimating row 134 out of 357 for hessian
Estimating row 135 out of 357 for hessian
Estimating row 136 out of 357 for hessian
Estimating row 137 out of 357 for hessian
Estimating row 138 out of 357 for hessian
Estimating row 139 out of 357 for hessian
Estimating row 140 out of 357 for hessian
Estimating row 141 out of 357 for hessian
Estimating row 142 out of 357 for hessian
Estimating row 143 out of 357 for hessian
Estimating row 144 out of 357 for hessian
Estimating row 145 out of 357 for hessian
Estimating row 146 out of 357 for hessian
Estimating row 147 out of 357 for hessian
Estimating row 148 out of 357 for hessian
Estimating row 149 out of 357 for hessian
Estimating row 150 out of 357 for hessian
Estimating row 151 out of 357 for hessian
Estimating row 152 out of 357 for hessian
Estimating row 153 out of 357 for hessian
Estimating row 154 out of 357 for hessian
Estimating row 155 out of 357 for hessian
Estimating row 156 out of 357 for hessian
Estimating row 157 out of 357 for hessian
Estimating row 158 out of 357 for hessian
Estimating row 159 out of 357 for hessian
Estimating row 160 out of 357 for hessian
Estimating row 161 out of 357 for hessian
Estimating row 162 out of 357 for hessian
Estimating row 163 out of 357 for hessian
Estimating row 164 out of 357 for hessian
Estimating row 165 out of 357 for hessian
Estimating row 166 out of 357 for hessian
Estimating row 167 out of 357 for hessian
Estimating row 168 out of 357 for hessian
Estimating row 169 out of 357 for hessian
Estimating row 170 out of 357 for hessian
Estimating row 171 out of 357 for hessian
Estimating row 172 out of 357 for hessian
Estimating row 173 out of 357 for hessian
Estimating row 174 out of 357 for hessian
Estimating row 175 out of 357 for hessian
Estimating row 176 out of 357 for hessian
Estimating row 177 out of 357 for hessian
Estimating row 178 out of 357 for hessian
Estimating row 179 out of 357 for hessian
Estimating row 180 out of 357 for hessian
Estimating row 181 out of 357 for hessian
Estimating row 182 out of 357 for hessian
Estimating row 183 out of 357 for hessian
Estimating row 184 out of 357 for hessian
Estimating row 185 out of 357 for hessian
Estimating row 186 out of 357 for hessian
Estimating row 187 out of 357 for hessian
Estimating row 188 out of 357 for hessian
Estimating row 189 out of 357 for hessian
Estimating row 190 out of 357 for hessian
Estimating row 191 out of 357 for hessian
Estimating row 192 out of 357 for hessian
Estimating row 193 out of 357 for hessian
Estimating row 194 out of 357 for hessian
Estimating row 195 out of 357 for hessian
Estimating row 196 out of 357 for hessian
Estimating row 197 out of 357 for hessian
Estimating row 198 out of 357 for hessian
Estimating row 199 out of 357 for hessian
Estimating row 200 out of 357 for hessian
Estimating row 201 out of 357 for hessian
Estimating row 202 out of 357 for hessian
Estimating row 203 out of 357 for hessian
Estimating row 204 out of 357 for hessian
Estimating row 205 out of 357 for hessian
Estimating row 206 out of 357 for hessian
Estimating row 207 out of 357 for hessian
Estimating row 208 out of 357 for hessian
Estimating row 209 out of 357 for hessian
Estimating row 210 out of 357 for hessian
Estimating row 211 out of 357 for hessian
Estimating row 212 out of 357 for hessian
Estimating row 213 out of 357 for hessian
Estimating row 214 out of 357 for hessian
Estimating row 215 out of 357 for hessian
Estimating row 216 out of 357 for hessian
Estimating row 217 out of 357 for hessian
Estimating row 218 out of 357 for hessian
Estimating row 219 out of 357 for hessian
Estimating row 220 out of 357 for hessian
Estimating row 221 out of 357 for hessian
Estimating row 222 out of 357 for hessian
Estimating row 223 out of 357 for hessian
Estimating row 224 out of 357 for hessian
Estimating row 225 out of 357 for hessian
Estimating row 226 out of 357 for hessian
Estimating row 227 out of 357 for hessian
Estimating row 228 out of 357 for hessian
Estimating row 229 out of 357 for hessian
Estimating row 230 out of 357 for hessian
Estimating row 231 out of 357 for hessian
Estimating row 232 out of 357 for hessian
Estimating row 233 out of 357 for hessian
Estimating row 234 out of 357 for hessian
Estimating row 235 out of 357 for hessian
Estimating row 236 out of 357 for hessian
Estimating row 237 out of 357 for hessian
Estimating row 238 out of 357 for hessian
Estimating row 239 out of 357 for hessian
Estimating row 240 out of 357 for hessian
Estimating row 241 out of 357 for hessian
Estimating row 242 out of 357 for hessian
Estimating row 243 out of 357 for hessian
Estimating row 244 out of 357 for hessian
Estimating row 245 out of 357 for hessian
Estimating row 246 out of 357 for hessian
Estimating row 247 out of 357 for hessian
Estimating row 248 out of 357 for hessian
Estimating row 249 out of 357 for hessian
Estimating row 250 out of 357 for hessian
Estimating row 251 out of 357 for hessian
Estimating row 252 out of 357 for hessian
Estimating row 253 out of 357 for hessian
Estimating row 254 out of 357 for hessian
Estimating row 255 out of 357 for hessian
Estimating row 256 out of 357 for hessian
Estimating row 257 out of 357 for hessian
Estimating row 258 out of 357 for hessian
Estimating row 259 out of 357 for hessian
Estimating row 260 out of 357 for hessian
Estimating row 261 out of 357 for hessian
Estimating row 262 out of 357 for hessian
Estimating row 263 out of 357 for hessian
Estimating row 264 out of 357 for hessian
Estimating row 265 out of 357 for hessian
Estimating row 266 out of 357 for hessian
Estimating row 267 out of 357 for hessian
Estimating row 268 out of 357 for hessian
Estimating row 269 out of 357 for hessian
Estimating row 270 out of 357 for hessian
Estimating row 271 out of 357 for hessian
Estimating row 272 out of 357 for hessian
Estimating row 273 out of 357 for hessian
Estimating row 274 out of 357 for hessian
Estimating row 275 out of 357 for hessian
Estimating row 276 out of 357 for hessian
Estimating row 277 out of 357 for hessian
Estimating row 278 out of 357 for hessian
Estimating row 279 out of 357 for hessian
Estimating row 280 out of 357 for hessian
Estimating row 281 out of 357 for hessian
Estimating row 282 out of 357 for hessian
Estimating row 283 out of 357 for hessian
Estimating row 284 out of 357 for hessian
Estimating row 285 out of 357 for hessian
Estimating row 286 out of 357 for hessian
Estimating row 287 out of 357 for hessian
Estimating row 288 out of 357 for hessian
Estimating row 289 out of 357 for hessian
Estimating row 290 out of 357 for hessian
Estimating row 291 out of 357 for hessian
Estimating row 292 out of 357 for hessian
Estimating row 293 out of 357 for hessian
Estimating row 294 out of 357 for hessian
Estimating row 295 out of 357 for hessian
Estimating row 296 out of 357 for hessian
Estimating row 297 out of 357 for hessian
Estimating row 298 out of 357 for hessian
Estimating row 299 out of 357 for hessian
Estimating row 300 out of 357 for hessian
Estimating row 301 out of 357 for hessian
Estimating row 302 out of 357 for hessian
Estimating row 303 out of 357 for hessian
Estimating row 304 out of 357 for hessian
Estimating row 305 out of 357 for hessian
Estimating row 306 out of 357 for hessian
Estimating row 307 out of 357 for hessian
Estimating row 308 out of 357 for hessian
Estimating row 309 out of 357 for hessian
Estimating row 310 out of 357 for hessian
Estimating row 311 out of 357 for hessian
Estimating row 312 out of 357 for hessian
Estimating row 313 out of 357 for hessian
Estimating row 314 out of 357 for hessian
Estimating row 315 out of 357 for hessian
Estimating row 316 out of 357 for hessian
Estimating row 317 out of 357 for hessian
Estimating row 318 out of 357 for hessian
Estimating row 319 out of 357 for hessian
Estimating row 320 out of 357 for hessian
Estimating row 321 out of 357 for hessian
Estimating row 322 out of 357 for hessian
Estimating row 323 out of 357 for hessian
Estimating row 324 out of 357 for hessian
Estimating row 325 out of 357 for hessian
Estimating row 326 out of 357 for hessian
Estimating row 327 out of 357 for hessian
Estimating row 328 out of 357 for hessian
Estimating row 329 out of 357 for hessian
Estimating row 330 out of 357 for hessian
Estimating row 331 out of 357 for hessian
Estimating row 332 out of 357 for hessian
Estimating row 333 out of 357 for hessian
Estimating row 334 out of 357 for hessian
Estimating row 335 out of 357 for hessian
Estimating row 336 out of 357 for hessian
Estimating row 337 out of 357 for hessian
Estimating row 338 out of 357 for hessian
Estimating row 339 out of 357 for hessian
Estimating row 340 out of 357 for hessian
Estimating row 341 out of 357 for hessian
Estimating row 342 out of 357 for hessian
Estimating row 343 out of 357 for hessian
Estimating row 344 out of 357 for hessian
Estimating row 345 out of 357 for hessian
Estimating row 346 out of 357 for hessian
Estimating row 347 out of 357 for hessian
Estimating row 348 out of 357 for hessian
Estimating row 349 out of 357 for hessian
Estimating row 350 out of 357 for hessian
Estimating row 351 out of 357 for hessian
Estimating row 352 out of 357 for hessian
Estimating row 353 out of 357 for hessian
Estimating row 354 out of 357 for hessian
Estimating row 355 out of 357 for hessian
Estimating row 356 out of 357 for hessian
Estimating row 357 out of 357 for hessian
Estimated covariance matrix may not be positive definite.
 1.6375779548e-08 1.6717159958e-08 2.1109261233e-08 2.6583324554e-08 3.1263146508e-08 3.1661194208e-08 3.5935294792e-08 5.0410826389e-07 6.1051250934e-07 9.5042076840e-07 1.2012941311e-06 1.4630479609e-06 1.5797895267e-06 1.6622669467e-06 1.6868459410e-06 1.7214112569e-06 1.8557350938e-06 1.8767810814e-06 1.8860825016e-06 1.8968552804e-06 1.9489987468e-06 2.0524510396e-06 2.1329567521e-06 3.1530911621e-06 4.1808052224e-06 4.2696184715e-06 4.7458673529e-06 5.7694260591e-06 5.9599958412e-06 6.8876638541e-06 6.9660401132e-06 7.4106133919e-06 8.0689398074e-06 8.6554438466e-06 9.1089135228e-06 9.7694994205e-06 1.0716388571e-05 1.0820087770e-05 1.1841134918e-05 1.2127914418e-05 1.2229229098e-05 1.2623829468e-05 1.3014689937e-05 1.4040101900e-05 1.4813823821e-05 1.5512008330e-05 1.6389006105e-05 1.7056570690e-05 1.7986692340e-05 1.9032755769e-05 1.9815910022e-05 2.0610089479e-05 2.4208087232e-05 2.4710605032e-05 2.6070879408e-05 2.6666128141e-05 2.8757708318e-05 3.0809904182e-05 3.1511401154e-05 3.2880163712e-05 3.4603666398e-05 3.6306859218e-05 3.8743494207e-05 4.2283980336e-05 4.5415300031e-05 4.8367159917e-05 6.1870522782e-05 6.2540172687e-05 6.8929186217e-05 7.5678305145e-05 7.6391112582e-05 7.6730383444e-05 7.9738044186e-05 8.1519813526e-05 8.3555702712e-05 9.2491886903e-05 9.6490073733e-05 9.8722147514e-05 1.0470165938e-04 1.0759557042e-04 1.0980693265e-04 1.1090436818e-04 1.1342624269e-04 1.1779210565e-04 1.2441171145e-04 1.2703518964e-04 1.3586405296e-04 1.3896944418e-04 1.4193179945e-04 1.5161052931e-04 1.5538902142e-04 1.5869103038e-04 1.6106279927e-04 1.6252227524e-04 1.6711103615e-04 1.7148684010e-04 1.7197282129e-04 1.7322959431e-04 1.7745140705e-04 1.8282014442e-04 1.9034540882e-04 1.9397518266e-04 1.9549903108e-04 1.9969715193e-04 2.0109623148e-04 2.0448647010e-04 2.0776730958e-04 2.1333339057e-04 2.2337805483e-04 2.2518376241e-04 2.2955385744e-04 2.3103335710e-04 2.3473795087e-04 2.3971538691e-04 2.4040568887e-04 2.4718770643e-04 2.5183829395e-04 2.5296237313e-04 2.5367945466e-04 2.5622616099e-04 2.5692288503e-04 2.6310890647e-04 2.6507804991e-04 2.6960138030e-04 2.7364353259e-04 2.7577632682e-04 2.7970658190e-04 2.8499943260e-04 2.8955706842e-04 2.9365735764e-04 2.9670030196e-04 3.0636739888e-04 3.1040512180e-04 3.1534000076e-04 3.1632087056e-04 3.1712301330e-04 3.1773098254e-04 3.1803596941e-04 3.1819865508e-04 3.1875667600e-04 3.1891243362e-04 3.1896089472e-04 3.2017224996e-04 3.2029501080e-04 3.2063547439e-04 3.2142946950e-04 3.2183490969e-04 3.2237344701e-04 3.2302072213e-04 3.2357377076e-04 3.2413961405e-04 3.2445589959e-04 3.2502609262e-04 3.2531448372e-04 3.2734489678e-04 3.2756723416e-04 3.2866604547e-04 3.2901010363e-04 3.2945130387e-04 3.3051540406e-04 3.3088778965e-04 3.3131954090e-04 3.3246455664e-04 3.3288751447e-04 3.3348583810e-04 3.3428175022e-04 3.3672188153e-04 3.3787751887e-04 3.3911595323e-04 3.4021200147e-04 3.4176190843e-04 3.4316078234e-04 3.4367187017e-04 3.4468380681e-04 3.4664071483e-04 3.4962981008e-04 3.5163632922e-04 3.5214974737e-04 3.5630392304e-04 3.5926309634e-04 3.6517723791e-04 3.6598183574e-04 3.6815950016e-04 3.7142694422e-04 3.7550834512e-04 3.7873567311e-04 3.8738742196e-04 3.8893979776e-04 3.9297307809e-04 4.0425012296e-04 4.1900285598e-04 4.3546301754e-04 4.4387379389e-04 4.4677676184e-04 4.6227756963e-04 4.7167166500e-04 4.8918513706e-04 5.0224557676e-04 5.1231627046e-04 5.1829810747e-04 5.3190645354e-04 5.3791337918e-04 5.4722574479e-04 5.5213750716e-04 5.5544181081e-04 5.5643791535e-04 5.6825870474e-04 5.8010242379e-04 5.8174100717e-04 5.9834535882e-04 6.0086565390e-04 6.0300364953e-04 6.0590568039e-04 6.0982020926e-04 6.1177965752e-04 6.1434808725e-04 6.1590005982e-04 6.1727029740e-04 6.2013709730e-04 6.2262261148e-04 6.2381111606e-04 6.2485370399e-04 6.3137197693e-04 6.3469800443e-04 6.3843172249e-04 6.4093914139e-04 6.4735717520e-04 6.5027543996e-04 6.5345183800e-04 6.5432255205e-04 6.5937428846e-04 6.6198355402e-04 6.6476776142e-04 6.6847799583e-04 6.7190159088e-04 6.7845590210e-04 6.8280977821e-04 6.9888680978e-04 7.0218007669e-04 7.1364266729e-04 7.2967814393e-04 7.3318379872e-04 7.5429383286e-04 7.5837858014e-04 7.9799781202e-04 8.1425071079e-04 8.3226291737e-04 8.4042989604e-04 8.4514713341e-04 8.6811203712e-04 8.8876407929e-04 8.9648174085e-04 9.1383754194e-04 9.2472969307e-04 9.3681520806e-04 9.7062639491e-04 9.9135789978e-04 1.0001464420e-03 1.0081934747e-03 1.0140722164e-03 1.0330033516e-03 1.0549702690e-03 1.0677649051e-03 1.0779730641e-03 1.1084912789e-03 1.1580976644e-03 1.1769655427e-03 1.1884670999e-03 1.1910291043e-03 1.2188297375e-03 1.2593719486e-03 1.2864185313e-03 1.3238986633e-03 1.3555158267e-03 1.3654075853e-03 1.3854331530e-03 1.3990710983e-03 1.4350409310e-03 1.4756584457e-03 1.5374157653e-03 1.5816627843e-03 1.5963846184e-03 1.6336491974e-03 1.7022635638e-03 1.7333946683e-03 1.7850644081e-03 1.8124055840e-03 1.8261206473e-03 1.9062744520e-03 2.0279884802e-03 2.0354906893e-03 2.0801003711e-03 2.1532863735e-03 2.1839327690e-03 2.2153150578e-03 2.2599225149e-03 2.2734171993e-03 2.2836353571e-03 2.3367783490e-03 2.4317143406e-03 2.4473721753e-03 2.5181776128e-03 2.6207967268e-03 2.6364580361e-03 2.7700124652e-03 2.8531356123e-03 2.9021501217e-03 2.9755065816e-03 3.0803206722e-03 3.0956508985e-03 3.1474643428e-03 3.2831565864e-03 3.3504277047e-03 3.4390720457e-03 3.4438129611e-03 3.5918097179e-03 3.6723510274e-03 4.0426391683e-03 4.1120773601e-03 4.1784580962e-03 4.4117891766e-03 4.4470940201e-03 4.9421487360e-03 5.3347022219e-03 5.6731401745e-03 5.9311876607e-03 5.9672292409e-03 6.1460963084e-03 6.7377728735e-03 7.0778086570e-03 7.6959677657e-03 7.7366163524e-03 8.0894160027e-03 8.3115007337e-03 8.4380540848e-03 9.0279116740e-03 1.0444172905e-02 1.0753368211e-02 1.2132132917e-02 1.5629878641e-02 2.0782947879e-02 2.2646162891e-02 2.5682527908e-02 2.7736139701e-02 3.0614322556e-02 4.1267966538e-02 4.4248713331e-02 7.7866494504e-02 7.7947941386e-02 8.0192943439e-02 9.3813957868e-02 2.0301798942e-01 2.8095819467e-01 3.0908118471e-01 4.6273042298e-01 1.0697535024e+00 4.5562645973e+00
Estimated covariance matrix may not be positive definite.
 1.6375779548e-08 1.6717159958e-08 2.1109261233e-08 2.6583324554e-08 3.1263146508e-08 3.1661194208e-08 3.5935294792e-08 5.0410826389e-07 6.1051250934e-07 9.5042076840e-07 1.2012941311e-06 1.4630479609e-06 1.5797895267e-06 1.6622669467e-06 1.6868459410e-06 1.7214112569e-06 1.8557350938e-06 1.8767810814e-06 1.8860825016e-06 1.8968552804e-06 1.9489987468e-06 2.0524510396e-06 2.1329567521e-06 3.1530911621e-06 4.1808052224e-06 4.2696184715e-06 4.7458673529e-06 5.7694260591e-06 5.9599958412e-06 6.8876638541e-06 6.9660401132e-06 7.4106133919e-06 8.0689398074e-06 8.6554438466e-06 9.1089135228e-06 9.7694994205e-06 1.0716388571e-05 1.0820087770e-05 1.1841134918e-05 1.2127914418e-05 1.2229229098e-05 1.2623829468e-05 1.3014689937e-05 1.4040101900e-05 1.4813823821e-05 1.5512008330e-05 1.6389006105e-05 1.7056570690e-05 1.7986692340e-05 1.9032755769e-05 1.9815910022e-05 2.0610089479e-05 2.4208087232e-05 2.4710605032e-05 2.6070879408e-05 2.6666128141e-05 2.8757708318e-05 3.0809904182e-05 3.1511401154e-05 3.2880163712e-05 3.4603666398e-05 3.6306859218e-05 3.8743494207e-05 4.2283980336e-05 4.5415300031e-05 4.8367159917e-05 6.1870522782e-05 6.2540172687e-05 6.8929186217e-05 7.5678305145e-05 7.6391112582e-05 7.6730383444e-05 7.9738044186e-05 8.1519813526e-05 8.3555702712e-05 9.2491886903e-05 9.6490073733e-05 9.8722147514e-05 1.0470165938e-04 1.0759557042e-04 1.0980693265e-04 1.1090436818e-04 1.1342624269e-04 1.1779210565e-04 1.2441171145e-04 1.2703518964e-04 1.3586405296e-04 1.3896944418e-04 1.4193179945e-04 1.5161052931e-04 1.5538902142e-04 1.5869103038e-04 1.6106279927e-04 1.6252227524e-04 1.6711103615e-04 1.7148684010e-04 1.7197282129e-04 1.7322959431e-04 1.7745140705e-04 1.8282014442e-04 1.9034540882e-04 1.9397518266e-04 1.9549903108e-04 1.9969715193e-04 2.0109623148e-04 2.0448647010e-04 2.0776730958e-04 2.1333339057e-04 2.2337805483e-04 2.2518376241e-04 2.2955385744e-04 2.3103335710e-04 2.3473795087e-04 2.3971538691e-04 2.4040568887e-04 2.4718770643e-04 2.5183829395e-04 2.5296237313e-04 2.5367945466e-04 2.5622616099e-04 2.5692288503e-04 2.6310890647e-04 2.6507804991e-04 2.6960138030e-04 2.7364353259e-04 2.7577632682e-04 2.7970658190e-04 2.8499943260e-04 2.8955706842e-04 2.9365735764e-04 2.9670030196e-04 3.0636739888e-04 3.1040512180e-04 3.1534000076e-04 3.1632087056e-04 3.1712301330e-04 3.1773098254e-04 3.1803596941e-04 3.1819865508e-04 3.1875667600e-04 3.1891243362e-04 3.1896089472e-04 3.2017224996e-04 3.2029501080e-04 3.2063547439e-04 3.2142946950e-04 3.2183490969e-04 3.2237344701e-04 3.2302072213e-04 3.2357377076e-04 3.2413961405e-04 3.2445589959e-04 3.2502609262e-04 3.2531448372e-04 3.2734489678e-04 3.2756723416e-04 3.2866604547e-04 3.2901010363e-04 3.2945130387e-04 3.3051540406e-04 3.3088778965e-04 3.3131954090e-04 3.3246455664e-04 3.3288751447e-04 3.3348583810e-04 3.3428175022e-04 3.3672188153e-04 3.3787751887e-04 3.3911595323e-04 3.4021200147e-04 3.4176190843e-04 3.4316078234e-04 3.4367187017e-04 3.4468380681e-04 3.4664071483e-04 3.4962981008e-04 3.5163632922e-04 3.5214974737e-04 3.5630392304e-04 3.5926309634e-04 3.6517723791e-04 3.6598183574e-04 3.6815950016e-04 3.7142694422e-04 3.7550834512e-04 3.7873567311e-04 3.8738742196e-04 3.8893979776e-04 3.9297307809e-04 4.0425012296e-04 4.1900285598e-04 4.3546301754e-04 4.4387379389e-04 4.4677676184e-04 4.6227756963e-04 4.7167166500e-04 4.8918513706e-04 5.0224557676e-04 5.1231627046e-04 5.1829810747e-04 5.3190645354e-04 5.3791337918e-04 5.4722574479e-04 5.5213750716e-04 5.5544181081e-04 5.5643791535e-04 5.6825870474e-04 5.8010242379e-04 5.8174100717e-04 5.9834535882e-04 6.0086565390e-04 6.0300364953e-04 6.0590568039e-04 6.0982020926e-04 6.1177965752e-04 6.1434808725e-04 6.1590005982e-04 6.1727029740e-04 6.2013709730e-04 6.2262261148e-04 6.2381111606e-04 6.2485370399e-04 6.3137197693e-04 6.3469800443e-04 6.3843172249e-04 6.4093914139e-04 6.4735717520e-04 6.5027543996e-04 6.5345183800e-04 6.5432255205e-04 6.5937428846e-04 6.6198355402e-04 6.6476776142e-04 6.6847799583e-04 6.7190159088e-04 6.7845590210e-04 6.8280977821e-04 6.9888680978e-04 7.0218007669e-04 7.1364266729e-04 7.2967814393e-04 7.3318379872e-04 7.5429383286e-04 7.5837858014e-04 7.9799781202e-04 8.1425071079e-04 8.3226291737e-04 8.4042989604e-04 8.4514713341e-04 8.6811203712e-04 8.8876407929e-04 8.9648174085e-04 9.1383754194e-04 9.2472969307e-04 9.3681520806e-04 9.7062639491e-04 9.9135789978e-04 1.0001464420e-03 1.0081934747e-03 1.0140722164e-03 1.0330033516e-03 1.0549702690e-03 1.0677649051e-03 1.0779730641e-03 1.1084912789e-03 1.1580976644e-03 1.1769655427e-03 1.1884670999e-03 1.1910291043e-03 1.2188297375e-03 1.2593719486e-03 1.2864185313e-03 1.3238986633e-03 1.3555158267e-03 1.3654075853e-03 1.3854331530e-03 1.3990710983e-03 1.4350409310e-03 1.4756584457e-03 1.5374157653e-03 1.5816627843e-03 1.5963846184e-03 1.6336491974e-03 1.7022635638e-03 1.7333946683e-03 1.7850644081e-03 1.8124055840e-03 1.8261206473e-03 1.9062744520e-03 2.0279884802e-03 2.0354906893e-03 2.0801003711e-03 2.1532863735e-03 2.1839327690e-03 2.2153150578e-03 2.2599225149e-03 2.2734171993e-03 2.2836353571e-03 2.3367783490e-03 2.4317143406e-03 2.4473721753e-03 2.5181776128e-03 2.6207967268e-03 2.6364580361e-03 2.7700124652e-03 2.8531356123e-03 2.9021501217e-03 2.9755065816e-03 3.0803206722e-03 3.0956508985e-03 3.1474643428e-03 3.2831565864e-03 3.3504277047e-03 3.4390720457e-03 3.4438129611e-03 3.5918097179e-03 3.6723510274e-03 4.0426391683e-03 4.1120773601e-03 4.1784580962e-03 4.4117891766e-03 4.4470940201e-03 4.9421487360e-03 5.3347022219e-03 5.6731401745e-03 5.9311876607e-03 5.9672292409e-03 6.1460963084e-03 6.7377728735e-03 7.0778086570e-03 7.6959677657e-03 7.7366163524e-03 8.0894160027e-03 8.3115007337e-03 8.4380540848e-03 9.0279116740e-03 1.0444172905e-02 1.0753368211e-02 1.2132132917e-02 1.5629878641e-02 2.0782947879e-02 2.2646162891e-02 2.5682527908e-02 2.7736139701e-02 3.0614322556e-02 4.1267966538e-02 4.4248713331e-02 7.7866494504e-02 7.7947941386e-02 8.0192943439e-02 9.3813957868e-02 2.0301798942e-01 2.8095819467e-01 3.0908118471e-01 4.6273042298e-01 1.0697535024e+00 4.5562645973e+00
Estimated covariance matrix may not be positive definite.
 1.6375779548e-08 1.6717159958e-08 2.1109261233e-08 2.6583324554e-08 3.1263146508e-08 3.1661194208e-08 3.5935294792e-08 5.0410826389e-07 6.1051250934e-07 9.5042076840e-07 1.2012941311e-06 1.4630479609e-06 1.5797895267e-06 1.6622669467e-06 1.6868459410e-06 1.7214112569e-06 1.8557350938e-06 1.8767810814e-06 1.8860825016e-06 1.8968552804e-06 1.9489987468e-06 2.0524510396e-06 2.1329567521e-06 3.1530911621e-06 4.1808052224e-06 4.2696184715e-06 4.7458673529e-06 5.7694260591e-06 5.9599958412e-06 6.8876638541e-06 6.9660401132e-06 7.4106133919e-06 8.0689398074e-06 8.6554438466e-06 9.1089135228e-06 9.7694994205e-06 1.0716388571e-05 1.0820087770e-05 1.1841134918e-05 1.2127914418e-05 1.2229229098e-05 1.2623829468e-05 1.3014689937e-05 1.4040101900e-05 1.4813823821e-05 1.5512008330e-05 1.6389006105e-05 1.7056570690e-05 1.7986692340e-05 1.9032755769e-05 1.9815910022e-05 2.0610089479e-05 2.4208087232e-05 2.4710605032e-05 2.6070879408e-05 2.6666128141e-05 2.8757708318e-05 3.0809904182e-05 3.1511401154e-05 3.2880163712e-05 3.4603666398e-05 3.6306859218e-05 3.8743494207e-05 4.2283980336e-05 4.5415300031e-05 4.8367159917e-05 6.1870522782e-05 6.2540172687e-05 6.8929186217e-05 7.5678305145e-05 7.6391112582e-05 7.6730383444e-05 7.9738044186e-05 8.1519813526e-05 8.3555702712e-05 9.2491886903e-05 9.6490073733e-05 9.8722147514e-05 1.0470165938e-04 1.0759557042e-04 1.0980693265e-04 1.1090436818e-04 1.1342624269e-04 1.1779210565e-04 1.2441171145e-04 1.2703518964e-04 1.3586405296e-04 1.3896944418e-04 1.4193179945e-04 1.5161052931e-04 1.5538902142e-04 1.5869103038e-04 1.6106279927e-04 1.6252227524e-04 1.6711103615e-04 1.7148684010e-04 1.7197282129e-04 1.7322959431e-04 1.7745140705e-04 1.8282014442e-04 1.9034540882e-04 1.9397518266e-04 1.9549903108e-04 1.9969715193e-04 2.0109623148e-04 2.0448647010e-04 2.0776730958e-04 2.1333339057e-04 2.2337805483e-04 2.2518376241e-04 2.2955385744e-04 2.3103335710e-04 2.3473795087e-04 2.3971538691e-04 2.4040568887e-04 2.4718770643e-04 2.5183829395e-04 2.5296237313e-04 2.5367945466e-04 2.5622616099e-04 2.5692288503e-04 2.6310890647e-04 2.6507804991e-04 2.6960138030e-04 2.7364353259e-04 2.7577632682e-04 2.7970658190e-04 2.8499943260e-04 2.8955706842e-04 2.9365735764e-04 2.9670030196e-04 3.0636739888e-04 3.1040512180e-04 3.1534000076e-04 3.1632087056e-04 3.1712301330e-04 3.1773098254e-04 3.1803596941e-04 3.1819865508e-04 3.1875667600e-04 3.1891243362e-04 3.1896089472e-04 3.2017224996e-04 3.2029501080e-04 3.2063547439e-04 3.2142946950e-04 3.2183490969e-04 3.2237344701e-04 3.2302072213e-04 3.2357377076e-04 3.2413961405e-04 3.2445589959e-04 3.2502609262e-04 3.2531448372e-04 3.2734489678e-04 3.2756723416e-04 3.2866604547e-04 3.2901010363e-04 3.2945130387e-04 3.3051540406e-04 3.3088778965e-04 3.3131954090e-04 3.3246455664e-04 3.3288751447e-04 3.3348583810e-04 3.3428175022e-04 3.3672188153e-04 3.3787751887e-04 3.3911595323e-04 3.4021200147e-04 3.4176190843e-04 3.4316078234e-04 3.4367187017e-04 3.4468380681e-04 3.4664071483e-04 3.4962981008e-04 3.5163632922e-04 3.5214974737e-04 3.5630392304e-04 3.5926309634e-04 3.6517723791e-04 3.6598183574e-04 3.6815950016e-04 3.7142694422e-04 3.7550834512e-04 3.7873567311e-04 3.8738742196e-04 3.8893979776e-04 3.9297307809e-04 4.0425012296e-04 4.1900285598e-04 4.3546301754e-04 4.4387379389e-04 4.4677676184e-04 4.6227756963e-04 4.7167166500e-04 4.8918513706e-04 5.0224557676e-04 5.1231627046e-04 5.1829810747e-04 5.3190645354e-04 5.3791337918e-04 5.4722574479e-04 5.5213750716e-04 5.5544181081e-04 5.5643791535e-04 5.6825870474e-04 5.8010242379e-04 5.8174100717e-04 5.9834535882e-04 6.0086565390e-04 6.0300364953e-04 6.0590568039e-04 6.0982020926e-04 6.1177965752e-04 6.1434808725e-04 6.1590005982e-04 6.1727029740e-04 6.2013709730e-04 6.2262261148e-04 6.2381111606e-04 6.2485370399e-04 6.3137197693e-04 6.3469800443e-04 6.3843172249e-04 6.4093914139e-04 6.4735717520e-04 6.5027543996e-04 6.5345183800e-04 6.5432255205e-04 6.5937428846e-04 6.6198355402e-04 6.6476776142e-04 6.6847799583e-04 6.7190159088e-04 6.7845590210e-04 6.8280977821e-04 6.9888680978e-04 7.0218007669e-04 7.1364266729e-04 7.2967814393e-04 7.3318379872e-04 7.5429383286e-04 7.5837858014e-04 7.9799781202e-04 8.1425071079e-04 8.3226291737e-04 8.4042989604e-04 8.4514713341e-04 8.6811203712e-04 8.8876407929e-04 8.9648174085e-04 9.1383754194e-04 9.2472969307e-04 9.3681520806e-04 9.7062639491e-04 9.9135789978e-04 1.0001464420e-03 1.0081934747e-03 1.0140722164e-03 1.0330033516e-03 1.0549702690e-03 1.0677649051e-03 1.0779730641e-03 1.1084912789e-03 1.1580976644e-03 1.1769655427e-03 1.1884670999e-03 1.1910291043e-03 1.2188297375e-03 1.2593719486e-03 1.2864185313e-03 1.3238986633e-03 1.3555158267e-03 1.3654075853e-03 1.3854331530e-03 1.3990710983e-03 1.4350409310e-03 1.4756584457e-03 1.5374157653e-03 1.5816627843e-03 1.5963846184e-03 1.6336491974e-03 1.7022635638e-03 1.7333946683e-03 1.7850644081e-03 1.8124055840e-03 1.8261206473e-03 1.9062744520e-03 2.0279884802e-03 2.0354906893e-03 2.0801003711e-03 2.1532863735e-03 2.1839327690e-03 2.2153150578e-03 2.2599225149e-03 2.2734171993e-03 2.2836353571e-03 2.3367783490e-03 2.4317143406e-03 2.4473721753e-03 2.5181776128e-03 2.6207967268e-03 2.6364580361e-03 2.7700124652e-03 2.8531356123e-03 2.9021501217e-03 2.9755065816e-03 3.0803206722e-03 3.0956508985e-03 3.1474643428e-03 3.2831565864e-03 3.3504277047e-03 3.4390720457e-03 3.4438129611e-03 3.5918097179e-03 3.6723510274e-03 4.0426391683e-03 4.1120773601e-03 4.1784580962e-03 4.4117891766e-03 4.4470940201e-03 4.9421487360e-03 5.3347022219e-03 5.6731401745e-03 5.9311876607e-03 5.9672292409e-03 6.1460963084e-03 6.7377728735e-03 7.0778086570e-03 7.6959677657e-03 7.7366163524e-03 8.0894160027e-03 8.3115007337e-03 8.4380540848e-03 9.0279116740e-03 1.0444172905e-02 1.0753368211e-02 1.2132132917e-02 1.5629878641e-02 2.0782947879e-02 2.2646162891e-02 2.5682527908e-02 2.7736139701e-02 3.0614322556e-02 4.1267966538e-02 4.4248713331e-02 7.7866494504e-02 7.7947941386e-02 8.0192943439e-02 9.3813957868e-02 2.0301798942e-01 2.8095819467e-01 3.0908118471e-01 4.6273042298e-01 1.0697535024e+00 4.5562645973e+00
Estimated covariance matrix may not be positive definite.
 1.6375779548e-08 1.6717159958e-08 2.1109261233e-08 2.6583324554e-08 3.1263146508e-08 3.1661194208e-08 3.5935294792e-08 5.0410826389e-07 6.1051250934e-07 9.5042076840e-07 1.2012941311e-06 1.4630479609e-06 1.5797895267e-06 1.6622669467e-06 1.6868459410e-06 1.7214112569e-06 1.8557350938e-06 1.8767810814e-06 1.8860825016e-06 1.8968552804e-06 1.9489987468e-06 2.0524510396e-06 2.1329567521e-06 3.1530911621e-06 4.1808052224e-06 4.2696184715e-06 4.7458673529e-06 5.7694260591e-06 5.9599958412e-06 6.8876638541e-06 6.9660401132e-06 7.4106133919e-06 8.0689398074e-06 8.6554438466e-06 9.1089135228e-06 9.7694994205e-06 1.0716388571e-05 1.0820087770e-05 1.1841134918e-05 1.2127914418e-05 1.2229229098e-05 1.2623829468e-05 1.3014689937e-05 1.4040101900e-05 1.4813823821e-05 1.5512008330e-05 1.6389006105e-05 1.7056570690e-05 1.7986692340e-05 1.9032755769e-05 1.9815910022e-05 2.0610089479e-05 2.4208087232e-05 2.4710605032e-05 2.6070879408e-05 2.6666128141e-05 2.8757708318e-05 3.0809904182e-05 3.1511401154e-05 3.2880163712e-05 3.4603666398e-05 3.6306859218e-05 3.8743494207e-05 4.2283980336e-05 4.5415300031e-05 4.8367159917e-05 6.1870522782e-05 6.2540172687e-05 6.8929186217e-05 7.5678305145e-05 7.6391112582e-05 7.6730383444e-05 7.9738044186e-05 8.1519813526e-05 8.3555702712e-05 9.2491886903e-05 9.6490073733e-05 9.8722147514e-05 1.0470165938e-04 1.0759557042e-04 1.0980693265e-04 1.1090436818e-04 1.1342624269e-04 1.1779210565e-04 1.2441171145e-04 1.2703518964e-04 1.3586405296e-04 1.3896944418e-04 1.4193179945e-04 1.5161052931e-04 1.5538902142e-04 1.5869103038e-04 1.6106279927e-04 1.6252227524e-04 1.6711103615e-04 1.7148684010e-04 1.7197282129e-04 1.7322959431e-04 1.7745140705e-04 1.8282014442e-04 1.9034540882e-04 1.9397518266e-04 1.9549903108e-04 1.9969715193e-04 2.0109623148e-04 2.0448647010e-04 2.0776730958e-04 2.1333339057e-04 2.2337805483e-04 2.2518376241e-04 2.2955385744e-04 2.3103335710e-04 2.3473795087e-04 2.3971538691e-04 2.4040568887e-04 2.4718770643e-04 2.5183829395e-04 2.5296237313e-04 2.5367945466e-04 2.5622616099e-04 2.5692288503e-04 2.6310890647e-04 2.6507804991e-04 2.6960138030e-04 2.7364353259e-04 2.7577632682e-04 2.7970658190e-04 2.8499943260e-04 2.8955706842e-04 2.9365735764e-04 2.9670030196e-04 3.0636739888e-04 3.1040512180e-04 3.1534000076e-04 3.1632087056e-04 3.1712301330e-04 3.1773098254e-04 3.1803596941e-04 3.1819865508e-04 3.1875667600e-04 3.1891243362e-04 3.1896089472e-04 3.2017224996e-04 3.2029501080e-04 3.2063547439e-04 3.2142946950e-04 3.2183490969e-04 3.2237344701e-04 3.2302072213e-04 3.2357377076e-04 3.2413961405e-04 3.2445589959e-04 3.2502609262e-04 3.2531448372e-04 3.2734489678e-04 3.2756723416e-04 3.2866604547e-04 3.2901010363e-04 3.2945130387e-04 3.3051540406e-04 3.3088778965e-04 3.3131954090e-04 3.3246455664e-04 3.3288751447e-04 3.3348583810e-04 3.3428175022e-04 3.3672188153e-04 3.3787751887e-04 3.3911595323e-04 3.4021200147e-04 3.4176190843e-04 3.4316078234e-04 3.4367187017e-04 3.4468380681e-04 3.4664071483e-04 3.4962981008e-04 3.5163632922e-04 3.5214974737e-04 3.5630392304e-04 3.5926309634e-04 3.6517723791e-04 3.6598183574e-04 3.6815950016e-04 3.7142694422e-04 3.7550834512e-04 3.7873567311e-04 3.8738742196e-04 3.8893979776e-04 3.9297307809e-04 4.0425012296e-04 4.1900285598e-04 4.3546301754e-04 4.4387379389e-04 4.4677676184e-04 4.6227756963e-04 4.7167166500e-04 4.8918513706e-04 5.0224557676e-04 5.1231627046e-04 5.1829810747e-04 5.3190645354e-04 5.3791337918e-04 5.4722574479e-04 5.5213750716e-04 5.5544181081e-04 5.5643791535e-04 5.6825870474e-04 5.8010242379e-04 5.8174100717e-04 5.9834535882e-04 6.0086565390e-04 6.0300364953e-04 6.0590568039e-04 6.0982020926e-04 6.1177965752e-04 6.1434808725e-04 6.1590005982e-04 6.1727029740e-04 6.2013709730e-04 6.2262261148e-04 6.2381111606e-04 6.2485370399e-04 6.3137197693e-04 6.3469800443e-04 6.3843172249e-04 6.4093914139e-04 6.4735717520e-04 6.5027543996e-04 6.5345183800e-04 6.5432255205e-04 6.5937428846e-04 6.6198355402e-04 6.6476776142e-04 6.6847799583e-04 6.7190159088e-04 6.7845590210e-04 6.8280977821e-04 6.9888680978e-04 7.0218007669e-04 7.1364266729e-04 7.2967814393e-04 7.3318379872e-04 7.5429383286e-04 7.5837858014e-04 7.9799781202e-04 8.1425071079e-04 8.3226291737e-04 8.4042989604e-04 8.4514713341e-04 8.6811203712e-04 8.8876407929e-04 8.9648174085e-04 9.1383754194e-04 9.2472969307e-04 9.3681520806e-04 9.7062639491e-04 9.9135789978e-04 1.0001464420e-03 1.0081934747e-03 1.0140722164e-03 1.0330033516e-03 1.0549702690e-03 1.0677649051e-03 1.0779730641e-03 1.1084912789e-03 1.1580976644e-03 1.1769655427e-03 1.1884670999e-03 1.1910291043e-03 1.2188297375e-03 1.2593719486e-03 1.2864185313e-03 1.3238986633e-03 1.3555158267e-03 1.3654075853e-03 1.3854331530e-03 1.3990710983e-03 1.4350409310e-03 1.4756584457e-03 1.5374157653e-03 1.5816627843e-03 1.5963846184e-03 1.6336491974e-03 1.7022635638e-03 1.7333946683e-03 1.7850644081e-03 1.8124055840e-03 1.8261206473e-03 1.9062744520e-03 2.0279884802e-03 2.0354906893e-03 2.0801003711e-03 2.1532863735e-03 2.1839327690e-03 2.2153150578e-03 2.2599225149e-03 2.2734171993e-03 2.2836353571e-03 2.3367783490e-03 2.4317143406e-03 2.4473721753e-03 2.5181776128e-03 2.6207967268e-03 2.6364580361e-03 2.7700124652e-03 2.8531356123e-03 2.9021501217e-03 2.9755065816e-03 3.0803206722e-03 3.0956508985e-03 3.1474643428e-03 3.2831565864e-03 3.3504277047e-03 3.4390720457e-03 3.4438129611e-03 3.5918097179e-03 3.6723510274e-03 4.0426391683e-03 4.1120773601e-03 4.1784580962e-03 4.4117891766e-03 4.4470940201e-03 4.9421487360e-03 5.3347022219e-03 5.6731401745e-03 5.9311876607e-03 5.9672292409e-03 6.1460963084e-03 6.7377728735e-03 7.0778086570e-03 7.6959677657e-03 7.7366163524e-03 8.0894160027e-03 8.3115007337e-03 8.4380540848e-03 9.0279116740e-03 1.0444172905e-02 1.0753368211e-02 1.2132132917e-02 1.5629878641e-02 2.0782947879e-02 2.2646162891e-02 2.5682527908e-02 2.7736139701e-02 3.0614322556e-02 4.1267966538e-02 4.4248713331e-02 7.7866494504e-02 7.7947941386e-02 8.0192943439e-02 9.3813957868e-02 2.0301798942e-01 2.8095819467e-01 3.0908118471e-01 4.6273042298e-01 1.0697535024e+00 4.5562645973e+00
size of file gradfil1.tmp = 0
size of file gradfil2.tmp = 0
size of file varssave.tmp = 0
size of file cmpdiff.tmp = 0
